-------start testing test17.cmm------
Error type 17 at Line 3: Undefined structure "Position".
-------start testing test6.cmm------
Error type 6 at Line 4: The left-hand side of an assignment must be a variable.
-------start testing test_o3.cmm------
-------start testing self_test.cmm------
-------start testing test_o4.cmm------
Error type 3 at Line 10: Redefined variable "i".
-------start testing test14.cmm------
Error type 14 at Line 9: Non-existent field "n".
-------start testing test_o1.cmm------
-------start testing test12.cmm------
Error type 12 at Line 4: This is not an integer.
-------start testing test16.cmm------
Error type 16 at Line 6: Duplicated name "Position".
-------start testing test3.cmm------
Error type 3 at Line 4: Redefined variable "i".
-------start testing test7.cmm------
Error type 7 at Line 4: Type mismatched for operands.
-------start testing test10.cmm------
Error type 10 at Line 4: This is not an array.
-------start testing test1.cmm------
Error type 1 at Line 4: Undefined variable "j".
-------start testing test2.cmm------
Error type 2 at Line 4: Undefined function "inc".
-------start testing test_o5.cmm------
-------start testing test15.cmm------
Error type 15 at Line 4: Redefined field "x".
-------start testing test5.cmm------
Error type 5 at Line 4: Type mismatched for assignment.
-------start testing test11.cmm------
Error type 11 at Line 4: "i" is not a function.
-------start testing test9.cmm------
Error type 9 at Line 8: Function is not applicable for arguments.
-------start testing test8.cmm------
Error type 8 at Line 4: Type mismatched for return.
-------start testing test_o6.cmm------
Error type 5 at Line 16: Type mismatched for assignment.
-------start testing test13.cmm------
Error type 13 at Line 9: Illegal use of ".".
-------start testing test4.cmm------
Error type 4 at Line 6: Redefined function "func".
-------start testing test_o2.cmm------
Error type 19 at Line 8: Inconsistent declaration of function "func".
Error type 18 at Line 6: Undefined function "func".
